<?xml version="1.0" encoding="UTF-8"?>
<!-- Generated by org.testng.reporters.JUnitReportReporter -->
<testsuite hostname="DESKTOP-68BCR7S" failures="0" tests="3" name="com.sgtesting.tests.testcases.ActionClassDemo" time="31.623" errors="0" timestamp="2023-12-19T19:28:57 IST" skipped="0">
  <testcase classname="com.sgtesting.tests.testcases.ActionClassDemo" name="launchBrowser" time="2.083"/>
  <system-out/>
  <testcase classname="com.sgtesting.tests.testcases.ActionClassDemo" name="navigate" time="11.663"/>
  <system-out/>
  <testcase classname="com.sgtesting.tests.testcases.ActionClassDemo" name="mouseActions" time="17.877"/>
  <system-out/>
</testsuite> <!-- com.sgtesting.tests.testcases.ActionClassDemo -->
