<?xml version="1.0" encoding="UTF-8"?>
<!-- Generated by org.testng.reporters.JUnitReportReporter -->
<testsuite hostname="DESKTOP-68BCR7S" failures="0" tests="6" name="com.sgtesting.tests.LoginLogoutScenario" time="16.464" errors="0" timestamp="2023-12-09T17:45:20 IST" skipped="0">
  <testcase classname="com.sgtesting.tests.LoginLogoutScenario" name="launchBrowser" time="1.901"/>
  <system-out/>
  <testcase classname="com.sgtesting.tests.LoginLogoutScenario" name="navigate" time="4.746"/>
  <system-out/>
  <testcase classname="com.sgtesting.tests.LoginLogoutScenario" name="login" time="5.279"/>
  <system-out/>
  <testcase classname="com.sgtesting.tests.LoginLogoutScenario" name="minimizeFlyOutWindow" time="2.144"/>
  <system-out/>
  <testcase classname="com.sgtesting.tests.LoginLogoutScenario" name="logout" time="2.207"/>
  <system-out/>
  <testcase classname="com.sgtesting.tests.LoginLogoutScenario" name="closeApplication" time="0.187"/>
  <system-out/>
</testsuite> <!-- com.sgtesting.tests.LoginLogoutScenario -->
